<?xml version="1.0" encoding="UTF-8"?>
<!-- Generated by org.testng.reporters.JUnitXMLReporter -->
<testsuite ignored="0" hostname="DESKTOP-C3SV6CH" failures="0" tests="6" name="Test" time="0.134" errors="0" timestamp="2020-05-17T20:24:42 IST">
  <testcase classname="MavenDemo.SeleniumTest" name="sel1" time="0.018"/>
  <testcase classname="MavenDemo.SeleniumTest" name="sel2" time="0.003"/>
  <testcase classname="MavenDemo.AppiumTest" name="app1" time="0.003"/>
  <testcase classname="MavenDemo.AppiumTest" name="app2" time="0.002"/>
  <testcase classname="MavenDemo.RestAPITest" name="rest1" time="0.004"/>
  <testcase classname="MavenDemo.RestAPITest" name="rest2" time="0.006"/>
</testsuite> <!-- Test -->
