<?xml version="1.0" encoding="UTF-8"?>
<!-- Generated by org.testng.reporters.JUnitXMLReporter -->
<testsuite ignored="0" hostname="DESKTOP-C3SV6CH" failures="0" tests="6" name="Command line test" time="0.092" errors="0" timestamp="2020-05-17T23:13:38 IST">
  <testcase classname="MavenDemo.AppiumTest" name="app1" time="0.007"/>
  <testcase classname="MavenDemo.AppiumTest" name="app2" time="0.0"/>
  <testcase classname="MavenDemo.RestAPITest" name="rest1" time="0.001"/>
  <testcase classname="MavenDemo.RestAPITest" name="rest2" time="0.001"/>
  <testcase classname="MavenDemo.SeleniumTest" name="sel1" time="0.001"/>
  <testcase classname="MavenDemo.SeleniumTest" name="sel2" time="0.0"/>
</testsuite> <!-- Command line test -->
