<?xml version="1.0" encoding="UTF-8"?>
<testng-results ignored="0" total="6" passed="6" failed="0" skipped="0">
  <reporter-output>
  </reporter-output>
  <suite started-at="2020-05-17T23:13:38 IST" name="Command line suite" finished-at="2020-05-17T23:13:38 IST" duration-ms="92">
    <groups>
    </groups>
    <test started-at="2020-05-17T23:13:38 IST" name="Command line test" finished-at="2020-05-17T23:13:38 IST" duration-ms="92">
      <class name="MavenDemo.RestAPITest">
        <test-method signature="rest1()[pri:0, instance:MavenDemo.RestAPITest@401e7803]" started-at="2020-05-17T23:13:38 IST" name="rest1" finished-at="2020-05-17T23:13:38 IST" duration-ms="1" status="PASS">
          <reporter-output>
          </reporter-output>
        </test-method> <!-- rest1 -->
        <test-method signature="rest2()[pri:0, instance:MavenDemo.RestAPITest@401e7803]" started-at="2020-05-17T23:13:38 IST" name="rest2" finished-at="2020-05-17T23:13:38 IST" duration-ms="1" status="PASS">
          <reporter-output>
          </reporter-output>
        </test-method> <!-- rest2 -->
      </class> <!-- MavenDemo.RestAPITest -->
      <class name="MavenDemo.AppiumTest">
        <test-method signature="app1()[pri:0, instance:MavenDemo.AppiumTest@4524411f]" started-at="2020-05-17T23:13:38 IST" name="app1" finished-at="2020-05-17T23:13:38 IST" duration-ms="7" status="PASS">
          <reporter-output>
          </reporter-output>
        </test-method> <!-- app1 -->
        <test-method signature="app2()[pri:0, instance:MavenDemo.AppiumTest@4524411f]" started-at="2020-05-17T23:13:38 IST" name="app2" finished-at="2020-05-17T23:13:38 IST" duration-ms="0" status="PASS">
          <reporter-output>
          </reporter-output>
        </test-method> <!-- app2 -->
      </class> <!-- MavenDemo.AppiumTest -->
      <class name="MavenDemo.SeleniumTest">
        <test-method signature="sel1()[pri:0, instance:MavenDemo.SeleniumTest@10dba097]" started-at="2020-05-17T23:13:38 IST" name="sel1" finished-at="2020-05-17T23:13:38 IST" duration-ms="1" status="PASS">
          <reporter-output>
          </reporter-output>
        </test-method> <!-- sel1 -->
        <test-method signature="sel2()[pri:0, instance:MavenDemo.SeleniumTest@10dba097]" started-at="2020-05-17T23:13:38 IST" name="sel2" finished-at="2020-05-17T23:13:38 IST" duration-ms="0" status="PASS">
          <reporter-output>
          </reporter-output>
        </test-method> <!-- sel2 -->
      </class> <!-- MavenDemo.SeleniumTest -->
    </test> <!-- Command line test -->
  </suite> <!-- Command line suite -->
</testng-results>
